  [1m[35m (0.0ms)[0m  [1m[34mSELECT sqlite_version(*)[0m
  [1m[35m (148.7ms)[0m  [1m[35mCREATE TABLE "schema_migrations" ("version" varchar NOT NULL PRIMARY KEY)[0m
  [1m[35m (86.9ms)[0m  [1m[35mCREATE TABLE "ar_internal_metadata" ("key" varchar NOT NULL PRIMARY KEY, "value" varchar, "created_at" datetime NOT NULL, "updated_at" datetime NOT NULL)[0m
  [1m[35m (1.0ms)[0m  [1m[34mSELECT "schema_migrations"."version" FROM "schema_migrations" ORDER BY "schema_migrations"."version" ASC[0m
Migrating to CreateUsers (20170723163215)
  [1m[35m (0.4ms)[0m  [1m[36mbegin transaction[0m
  [1m[35m (0.0ms)[0m  [1m[35mCREATE TABLE "users" ("id" INTEGER PRIMARY KEY AUTOINCREMENT NOT NULL, "name" varchar, "studentId" varchar, "created_at" datetime NOT NULL, "updated_at" datetime NOT NULL)[0m
  [1m[35mSQL (0.0ms)[0m  [1m[32mINSERT INTO "schema_migrations" ("version") VALUES (?)[0m  [["version", "20170723163215"]]
  [1m[35m (96.4ms)[0m  [1m[36mcommit transaction[0m
  [1m[36mActiveRecord::InternalMetadata Load (0.0ms)[0m  [1m[34mSELECT  "ar_internal_metadata".* FROM "ar_internal_metadata" WHERE "ar_internal_metadata"."key" = ? LIMIT ?[0m  [["key", "environment"], ["LIMIT", 1]]
  [1m[35m (0.0ms)[0m  [1m[36mbegin transaction[0m
  [1m[35mSQL (0.0ms)[0m  [1m[32mINSERT INTO "ar_internal_metadata" ("key", "value", "created_at", "updated_at") VALUES (?, ?, ?, ?)[0m  [["key", "environment"], ["value", "development"], ["created_at", "2017-07-23 16:33:25.891559"], ["updated_at", "2017-07-23 16:33:25.891559"]]
  [1m[35m (112.7ms)[0m  [1m[36mcommit transaction[0m
  [1m[35m (0.0ms)[0m  [1m[34mSELECT "schema_migrations"."version" FROM "schema_migrations" ORDER BY "schema_migrations"."version" ASC[0m
Started GET "/users" for 127.0.0.1 at 2017-07-24 07:37:14 +0600
  [1m[35m (0.0ms)[0m  [1m[34mSELECT "schema_migrations"."version" FROM "schema_migrations" ORDER BY "schema_migrations"."version" ASC[0m
Processing by UsersController#index as */*
  [1m[36mUser Load (0.0ms)[0m  [1m[34mSELECT "users".* FROM "users"[0m
Completed 200 OK in 27ms (Views: 3.1ms | ActiveRecord: 0.0ms)


Started POST "/users" for 127.0.0.1 at 2017-07-24 07:39:06 +0600
Processing by UsersController#create as */*
  [1m[35m (0.0ms)[0m  [1m[36mbegin transaction[0m
  [1m[35m (1.0ms)[0m  [1m[31mrollback transaction[0m
Completed 422 Unprocessable Entity in 108ms (Views: 0.4ms | ActiveRecord: 1.0ms)


Started GET "/users" for 127.0.0.1 at 2017-07-24 07:39:19 +0600
Processing by UsersController#index as */*
  [1m[36mUser Load (0.0ms)[0m  [1m[34mSELECT "users".* FROM "users"[0m
Completed 200 OK in 2ms (Views: 1.7ms | ActiveRecord: 0.0ms)


Started POST "/users" for 127.0.0.1 at 2017-07-24 07:39:35 +0600
Processing by UsersController#create as */*
  [1m[35m (0.0ms)[0m  [1m[36mbegin transaction[0m
  [1m[35m (0.0ms)[0m  [1m[31mrollback transaction[0m
Completed 422 Unprocessable Entity in 6ms (Views: 0.2ms | ActiveRecord: 0.0ms)


Started POST "/users" for 127.0.0.1 at 2017-07-24 07:40:32 +0600
Processing by UsersController#create as */*
  Parameters: {"name"=>"Shahed", "studentId"=>"1510176121"}
  [1m[35m (0.0ms)[0m  [1m[36mbegin transaction[0m
  [1m[35mSQL (0.0ms)[0m  [1m[32mINSERT INTO "users" ("name", "studentId", "created_at", "updated_at") VALUES (?, ?, ?, ?)[0m  [["name", "Shahed"], ["studentId", "1510176121"], ["created_at", "2017-07-24 01:40:32.143537"], ["updated_at", "2017-07-24 01:40:32.143537"]]
  [1m[35m (53.3ms)[0m  [1m[36mcommit transaction[0m
Completed 201 Created in 53ms (Views: 1.7ms | ActiveRecord: 53.3ms)


